<?xml version="1.0" encoding="UTF-8"?>
<testsuite name="com.magikarp.android.data.DataTest" tests="6" skipped="0" failures="0" errors="0" timestamp="2020-11-19T23:43:04" hostname="henrys-mbp.lan" time="0.148">
  <properties/>
  <testcase name="testMapsRepositoryGetMessagesNoUserId" classname="com.magikarp.android.data.DataTest" time="0.047"/>
  <testcase name="testGetMessagesResponseListenerOnResponseNotNull" classname="com.magikarp.android.data.DataTest" time="0.019"/>
  <testcase name="testMessageParcelling" classname="com.magikarp.android.data.DataTest" time="0.076"/>
  <testcase name="testGetMessagesResponseListenerOnResponseNull" classname="com.magikarp.android.data.DataTest" time="0.001"/>
  <testcase name="testMapsRepositoryGetMessagesWithUserId" classname="com.magikarp.android.data.DataTest" time="0.001"/>
  <testcase name="testMessageUnparcelling" classname="com.magikarp.android.data.DataTest" time="0.001"/>
  <system-out><![CDATA[]]></system-out>
  <system-err><![CDATA[]]></system-err>
</testsuite>
