<?xml version="1.0" encoding="UTF-8"?>
<testsuite name="com.magikarp.android.network.NetworkTest" tests="3" skipped="0" failures="0" errors="0" timestamp="2020-11-19T23:43:04" hostname="henrys-mbp.lan" time="0.096">
  <properties/>
  <testcase name="test_LruBitmapCacheSizeOf" classname="com.magikarp.android.network.NetworkTest" time="0.049"/>
  <testcase name="testGsonRequestParseNetworkResponse" classname="com.magikarp.android.network.NetworkTest" time="0.047"/>
  <testcase name="testImageCachePutBitmapGetBitmap" classname="com.magikarp.android.network.NetworkTest" time="0.0"/>
  <system-out><![CDATA[IS LOGGABLE: Volley: 2
]]></system-out>
  <system-err><![CDATA[]]></system-err>
</testsuite>
