<?xml version="1.0" encoding="UTF-8"?>
<testsuite name="server.TestServerComponent" tests="5" skipped="0" failures="0" errors="0" timestamp="2020-11-20T01:34:31" hostname="MacBook-Pro-4.local" time="2.416">
  <properties/>
  <testcase name="newPostTest()" classname="server.TestServerComponent" time="1.647"/>
  <testcase name="getByBoundingBoxTest()" classname="server.TestServerComponent" time="0.201"/>
  <testcase name="updatePostTest()" classname="server.TestServerComponent" time="0.298"/>
  <testcase name="getByUserIdTest()" classname="server.TestServerComponent" time="0.144"/>
  <testcase name="deletePostTest()" classname="server.TestServerComponent" time="0.123"/>
  <system-out><![CDATA[Creating new message for user eupaunbariqobcekanfj
Getting messages for latitude_top -43.139448273812434, latitude_bottom -44.139448273812434, longitude_left -143.6501837158253, longitude_right -142.6501837158253, max_records 50
Getting messages for user_id eupaunbariqobcekanfj
Updating message 441717d9-50ff-4251-b486-00b51ca869de for user eupaunbariqobcekanfj
{"response_code":201}
Getting messages for user_id eupaunbariqobcekanfj
Getting messages for user_id eupaunbariqobcekanfj
Deleting message 441717d9-50ff-4251-b486-00b51ca869de from user eupaunbariqobcekanfj
]]></system-out>
  <system-err><![CDATA[[Test worker] INFO io.javalin.Javalin - 
           __                      __ _
          / /____ _ _   __ ____ _ / /(_)____
     __  / // __ `/| | / // __ `// // // __ \
    / /_/ // /_/ / | |/ // /_/ // // // / / /
    \____/ \__,_/  |___/ \__,_//_//_//_/ /_/

        https://javalin.io/documentation

[Test worker] INFO org.eclipse.jetty.util.log - Logging initialized @1384ms to org.eclipse.jetty.util.log.Slf4jLog
[Test worker] INFO io.javalin.Javalin - Starting Javalin ...
[Test worker] INFO io.javalin.Javalin - Listening on http://localhost:7000/
[Test worker] INFO io.javalin.Javalin - Javalin started in 133ms \o/
[Test worker] INFO io.javalin.Javalin - Stopping Javalin ...
[Test worker] INFO io.javalin.Javalin - Javalin has stopped
]]></system-err>
</testsuite>
