<?xml version="1.0" encoding="UTF-8"?>
<testsuite name="com.magikarp.android.di.DiTest" tests="1" skipped="0" failures="0" errors="0" timestamp="2020-11-19T23:43:08" hostname="henrys-mbp.lan" time="0.0">
  <properties/>
  <testcase name="ViewModelModuleProvideMutableLiveData" classname="com.magikarp.android.di.DiTest" time="0.0"/>
  <system-out><![CDATA[]]></system-out>
  <system-err><![CDATA[]]></system-err>
</testsuite>
